d:\201716010612李铮\c++\face recognition from a book opencv2411\face recognition from a book opencv2411\x64\debug\vc120.pdb
d:\201716010612李铮\c++\face recognition from a book opencv2411\face recognition from a book opencv2411\x64\debug\vc120.idb
d:\201716010612李铮\c++\face recognition from a book opencv2411\face recognition from a book opencv2411\x64\debug\detectobject.obj
d:\201716010612李铮\c++\face recognition from a book opencv2411\face recognition from a book opencv2411\x64\debug\imageutils_0.7.obj
d:\201716010612李铮\c++\face recognition from a book opencv2411\face recognition from a book opencv2411\x64\debug\main.obj
d:\201716010612李铮\c++\face recognition from a book opencv2411\face recognition from a book opencv2411\x64\debug\preprocessface.obj
d:\201716010612李铮\c++\face recognition from a book opencv2411\face recognition from a book opencv2411\x64\debug\recognition.obj
d:\201716010612李铮\c++\face recognition from a book opencv2411\face recognition from a book opencv2411\x64\debug\test.obj
d:\201716010612李铮\c++\face recognition from a book opencv2411\face recognition from a book opencv2411\x64\debug\mysql.obj
d:\201716010612李铮\c++\face recognition from a book opencv2411\face recognition from a book opencv2411\x64\debug\main-train.obj
d:\201716010612李铮\c++\face recognition from a book opencv2411\face recognition from a book opencv2411\x64\debug\main-recognition.obj
d:\201716010612李铮\c++\face recognition from a book opencv2411\x64\debug\face recognition from a book opencv2411.ilk
d:\201716010612李铮\c++\face recognition from a book opencv2411\x64\debug\face recognition from a book opencv2411.exe
d:\201716010612李铮\c++\face recognition from a book opencv2411\x64\debug\face recognition from a book opencv2411.pdb
d:\201716010612李铮\c++\face recognition from a book opencv2411\face recognition from a book opencv2411\x64\debug\face rec.086700b8.tlog\cl.command.1.tlog
d:\201716010612李铮\c++\face recognition from a book opencv2411\face recognition from a book opencv2411\x64\debug\face rec.086700b8.tlog\cl.read.1.tlog
d:\201716010612李铮\c++\face recognition from a book opencv2411\face recognition from a book opencv2411\x64\debug\face rec.086700b8.tlog\cl.write.1.tlog
d:\201716010612李铮\c++\face recognition from a book opencv2411\face recognition from a book opencv2411\x64\debug\face rec.086700b8.tlog\link.command.1.tlog
d:\201716010612李铮\c++\face recognition from a book opencv2411\face recognition from a book opencv2411\x64\debug\face rec.086700b8.tlog\link.read.1.tlog
d:\201716010612李铮\c++\face recognition from a book opencv2411\face recognition from a book opencv2411\x64\debug\face rec.086700b8.tlog\link.write.1.tlog
